[0.389s] Invoking command in '/home/ubuntu/reflex-therapy/build/reflex-ros2': CMAKE_PREFIX_PATH=/opt/ros/humble /usr/bin/cmake --build /home/ubuntu/reflex-therapy/build/reflex-ros2 -- -j4 -l4
[0.692s] [ 50%] [32mBuilding CXX object CMakeFiles/control_node.dir/src/control_node.cpp.o[0m
[0.727s] [ 50%] Built target ament_cmake_python_symlink_reflex-ros2
[2.114s] running egg_info
[2.119s] writing reflex_ros2.egg-info/PKG-INFO
[2.121s] writing dependency_links to reflex_ros2.egg-info/dependency_links.txt
[2.122s] writing top-level names to reflex_ros2.egg-info/top_level.txt
[2.136s] reading manifest file 'reflex_ros2.egg-info/SOURCES.txt'
[2.139s] writing manifest file 'reflex_ros2.egg-info/SOURCES.txt'
[2.296s] [ 50%] Built target ament_cmake_python_build_reflex-ros2_egg
[3.679s] [01m[K/home/ubuntu/reflex-therapy/src/reflex-ros2/src/control_node.cpp:5:10:[m[K [01;31m[Kfatal error: [m[Kstd_msgs/msg/UInt16.hpp: No such file or directory
[3.679s]     5 | #include [01;31m[K"std_msgs/msg/UInt16.hpp"[m[K
[3.680s]       |          [01;31m[K^~~~~~~~~~~~~~~~~~~~~~~~~[m[K
[3.680s] compilation terminated.
[3.695s] gmake[2]: *** [CMakeFiles/control_node.dir/build.make:76: CMakeFiles/control_node.dir/src/control_node.cpp.o] Error 1
[3.697s] gmake[1]: *** [CMakeFiles/Makefile2:140: CMakeFiles/control_node.dir/all] Error 2
[3.698s] gmake: *** [Makefile:146: all] Error 2
[3.709s] Invoked command in '/home/ubuntu/reflex-therapy/build/reflex-ros2' returned '2': CMAKE_PREFIX_PATH=/opt/ros/humble /usr/bin/cmake --build /home/ubuntu/reflex-therapy/build/reflex-ros2 -- -j4 -l4
